Arguments: 
  C:\Program Files\nodejs\node.exe C:\Users\feres\AppData\Roaming\npm\node_modules\yarn\bin\yarn.js start

PATH: 
  C:\Program Files\Java\jdk1.8.0_181\bin;C:\WINDOWS\system32;C:\WINDOWS;C:\WINDOWS\System32\Wbem;C:\WINDOWS\System32\WindowsPowerShell\v1.0\;C:\WINDOWS\System32\OpenSSH\;C:\Program Files\Microsoft VS Code\bin;C:\Program Files\nodejs\;C:\Users\feres\AppData\Local\Microsoft\WindowsApps;;C:\Program Files\Microsoft VS Code\bin;C:\Users\feres\AppData\Roaming\npm

Yarn version: 
  1.5.1

Node version: 
  8.11.3

Platform: 
  win32 x64

npm manifest: 
  No manifest

yarn manifest: 
  No manifest

Lockfile: 
  No lockfile

Trace: 
  Error: Couldn't find a package.json file in "C:\\Users\\feres\\Documents\\Proyectos React\\WeatherApp"
      at new MessageError (C:\Users\feres\AppData\Roaming\npm\node_modules\yarn\lib\cli.js:186:110)
      at C:\Users\feres\AppData\Roaming\npm\node_modules\yarn\lib\cli.js:40048:15
      at Generator.next (<anonymous>)
      at step (C:\Users\feres\AppData\Roaming\npm\node_modules\yarn\lib\cli.js:98:30)
      at C:\Users\feres\AppData\Roaming\npm\node_modules\yarn\lib\cli.js:109:13
      at <anonymous>
